2015-08-07 01:59:41,641 WARN org.apache.hadoop.util.NativeCodeLoader: Unable to load native-hadoop library for your platform... using builtin-java classes where applicable
2015-08-07 01:59:42,621 INFO org.apache.hadoop.conf.Configuration.deprecation: session.id is deprecated. Instead, use dfs.metrics.session-id
2015-08-07 01:59:42,627 INFO org.apache.hadoop.metrics.jvm.JvmMetrics: Initializing JVM Metrics with processName=JobTracker, sessionId=
2015-08-07 01:59:44,887 WARN org.apache.hadoop.mapreduce.JobSubmitter: Hadoop command-line option parsing not performed. Implement the Tool interface and execute your application with ToolRunner to remedy this.
2015-08-07 01:59:45,020 WARN org.apache.hadoop.mapreduce.JobSubmitter: No job jar file set.  User classes may not be found. See Job or Job#setJar(String).
2015-08-07 01:59:47,672 INFO org.apache.hadoop.mapreduce.JobSubmitter: number of splits:1
2015-08-07 01:59:48,491 INFO org.apache.hadoop.mapreduce.JobSubmitter: Submitting tokens for job: job_local320494496_0001
2015-08-07 01:59:49,597 INFO org.apache.hadoop.mapreduce.Job: The url to track the job: http://localhost:8080/
2015-08-07 01:59:49,601 INFO org.apache.hadoop.mapreduce.Job: Running job: job_local320494496_0001
2015-08-07 01:59:49,615 INFO org.apache.hadoop.mapred.LocalJobRunner: OutputCommitter set in config null
2015-08-07 01:59:49,618 INFO org.apache.hadoop.mapred.LocalJobRunner: OutputCommitter is org.apache.hadoop.mapred.FileOutputCommitter
2015-08-07 01:59:49,633 INFO org.apache.hadoop.mapreduce.lib.output.FileOutputCommitter: File Output Committer Algorithm version is 1
2015-08-07 01:59:49,633 WARN org.apache.hadoop.mapreduce.lib.output.FileOutputCommitter: Output Path is null in setupJob()
2015-08-07 01:59:49,718 INFO org.apache.hadoop.mapred.LocalJobRunner: Waiting for map tasks
2015-08-07 01:59:49,737 INFO org.apache.hadoop.mapred.LocalJobRunner: Starting task: attempt_local320494496_0001_m_000000_0
2015-08-07 01:59:50,165 INFO org.apache.hadoop.mapreduce.lib.output.FileOutputCommitter: File Output Committer Algorithm version is 1
2015-08-07 01:59:50,539 INFO org.apache.hadoop.mapred.Task:  Using ResourceCalculatorProcessTree : [ ]
2015-08-07 01:59:50,554 INFO org.apache.hadoop.mapred.MapTask: Processing split: org.apache.hadoop.mapred.lib.db.DBInputFormat$DBInputSplit@777cf4f2
2015-08-07 01:59:50,618 INFO org.apache.hadoop.mapreduce.Job: Job job_local320494496_0001 running in uber mode : false
2015-08-07 01:59:50,635 INFO org.apache.hadoop.mapreduce.Job:  map 0% reduce 0%
2015-08-07 01:59:50,828 INFO org.apache.hadoop.mapred.MapTask: numReduceTasks: 1
2015-08-07 01:59:51,460 INFO org.apache.hadoop.mapred.MapTask: (EQUATOR) 0 kvi 26214396(104857584)
2015-08-07 01:59:51,460 INFO org.apache.hadoop.mapred.MapTask: mapreduce.task.io.sort.mb: 100
2015-08-07 01:59:51,460 INFO org.apache.hadoop.mapred.MapTask: soft limit at 83886080
2015-08-07 01:59:51,461 INFO org.apache.hadoop.mapred.MapTask: bufstart = 0; bufvoid = 104857600
2015-08-07 01:59:51,461 INFO org.apache.hadoop.mapred.MapTask: kvstart = 26214396; length = 6553600
2015-08-07 01:59:51,474 INFO org.apache.hadoop.mapred.MapTask: Map output collector class = org.apache.hadoop.mapred.MapTask$MapOutputBuffer
2015-08-07 01:59:51,524 INFO org.apache.hadoop.mapred.LocalJobRunner: map task executor complete.
2015-08-07 01:59:51,524 WARN org.apache.hadoop.mapreduce.lib.output.FileOutputCommitter: Output Path is null in cleanupJob()
2015-08-07 01:59:51,525 WARN org.apache.hadoop.mapred.LocalJobRunner: job_local320494496_0001
java.lang.Exception: java.lang.ClassCastException: WordCountDB$WordCountRecord cannot be cast to org.apache.hadoop.io.Text
	at org.apache.hadoop.mapred.LocalJobRunner$Job.runTasks(LocalJobRunner.java:462)
	at org.apache.hadoop.mapred.LocalJobRunner$Job.run(LocalJobRunner.java:522)
Caused by: java.lang.ClassCastException: WordCountDB$WordCountRecord cannot be cast to org.apache.hadoop.io.Text
	at WordCountDB$WordCountMapDB.map(WordCountDB.java:1)
	at org.apache.hadoop.mapred.MapRunner.run(MapRunner.java:54)
	at org.apache.hadoop.mapred.MapTask.runOldMapper(MapTask.java:453)
	at org.apache.hadoop.mapred.MapTask.run(MapTask.java:343)
	at org.apache.hadoop.mapred.LocalJobRunner$Job$MapTaskRunnable.run(LocalJobRunner.java:243)
	at java.util.concurrent.Executors$RunnableAdapter.call(Executors.java:471)
	at java.util.concurrent.FutureTask.run(FutureTask.java:262)
	at java.util.concurrent.ThreadPoolExecutor.runWorker(ThreadPoolExecutor.java:1145)
	at java.util.concurrent.ThreadPoolExecutor$Worker.run(ThreadPoolExecutor.java:615)
	at java.lang.Thread.run(Thread.java:745)
2015-08-07 01:59:51,782 INFO org.apache.hadoop.mapreduce.Job: Job job_local320494496_0001 failed with state FAILED due to: NA
2015-08-07 01:59:51,839 INFO org.apache.hadoop.mapreduce.Job: Counters: 0
2015-08-07 04:00:17,531 WARN org.apache.hadoop.util.NativeCodeLoader: Unable to load native-hadoop library for your platform... using builtin-java classes where applicable
2015-08-07 04:00:18,161 INFO org.apache.hadoop.conf.Configuration.deprecation: session.id is deprecated. Instead, use dfs.metrics.session-id
2015-08-07 04:00:18,164 INFO org.apache.hadoop.metrics.jvm.JvmMetrics: Initializing JVM Metrics with processName=JobTracker, sessionId=
2015-08-07 04:00:18,311 INFO org.apache.hadoop.metrics.jvm.JvmMetrics: Cannot initialize JVM Metrics with processName=JobTracker, sessionId= - already initialized
2015-08-07 04:00:18,907 WARN org.apache.hadoop.mapreduce.JobSubmitter: Hadoop command-line option parsing not performed. Implement the Tool interface and execute your application with ToolRunner to remedy this.
2015-08-07 04:00:18,929 WARN org.apache.hadoop.mapreduce.JobSubmitter: No job jar file set.  User classes may not be found. See Job or Job#setJar(String).
2015-08-07 04:00:19,008 INFO org.apache.hadoop.mapred.FileInputFormat: Total input paths to process : 1
2015-08-07 04:00:19,096 INFO org.apache.hadoop.mapreduce.JobSubmitter: number of splits:1
2015-08-07 04:00:19,405 INFO org.apache.hadoop.mapreduce.JobSubmitter: Submitting tokens for job: job_local1702092170_0001
2015-08-07 04:00:19,847 INFO org.apache.hadoop.mapreduce.Job: The url to track the job: http://localhost:8080/
2015-08-07 04:00:19,850 INFO org.apache.hadoop.mapreduce.Job: Running job: job_local1702092170_0001
2015-08-07 04:00:19,863 INFO org.apache.hadoop.mapred.LocalJobRunner: OutputCommitter set in config null
2015-08-07 04:00:19,864 INFO org.apache.hadoop.mapred.LocalJobRunner: OutputCommitter is org.apache.hadoop.mapred.FileOutputCommitter
2015-08-07 04:00:19,888 INFO org.apache.hadoop.mapreduce.lib.output.FileOutputCommitter: File Output Committer Algorithm version is 1
2015-08-07 04:00:19,888 WARN org.apache.hadoop.mapreduce.lib.output.FileOutputCommitter: Output Path is null in setupJob()
2015-08-07 04:00:19,950 INFO org.apache.hadoop.mapred.LocalJobRunner: Waiting for map tasks
2015-08-07 04:00:19,960 INFO org.apache.hadoop.mapred.LocalJobRunner: Starting task: attempt_local1702092170_0001_m_000000_0
2015-08-07 04:00:20,034 INFO org.apache.hadoop.mapreduce.lib.output.FileOutputCommitter: File Output Committer Algorithm version is 1
2015-08-07 04:00:20,071 INFO org.apache.hadoop.mapred.Task:  Using ResourceCalculatorProcessTree : [ ]
2015-08-07 04:00:20,096 INFO org.apache.hadoop.mapred.MapTask: Processing split: file:/home/cloudera/sample-data/helloworld:0+26
2015-08-07 04:00:20,107 INFO org.apache.hadoop.mapred.MapTask: numReduceTasks: 1
2015-08-07 04:00:20,178 INFO org.apache.hadoop.mapred.MapTask: (EQUATOR) 0 kvi 26214396(104857584)
2015-08-07 04:00:20,182 INFO org.apache.hadoop.mapred.MapTask: mapreduce.task.io.sort.mb: 100
2015-08-07 04:00:20,182 INFO org.apache.hadoop.mapred.MapTask: soft limit at 83886080
2015-08-07 04:00:20,182 INFO org.apache.hadoop.mapred.MapTask: bufstart = 0; bufvoid = 104857600
2015-08-07 04:00:20,182 INFO org.apache.hadoop.mapred.MapTask: kvstart = 26214396; length = 6553600
2015-08-07 04:00:20,187 INFO org.apache.hadoop.mapred.MapTask: Map output collector class = org.apache.hadoop.mapred.MapTask$MapOutputBuffer
2015-08-07 04:00:20,194 INFO org.apache.hadoop.mapred.LocalJobRunner: 
2015-08-07 04:00:20,194 INFO org.apache.hadoop.mapred.MapTask: Starting flush of map output
2015-08-07 04:00:20,194 INFO org.apache.hadoop.mapred.MapTask: Spilling map output
2015-08-07 04:00:20,194 INFO org.apache.hadoop.mapred.MapTask: bufstart = 0; bufend = 62; bufvoid = 104857600
2015-08-07 04:00:20,194 INFO org.apache.hadoop.mapred.MapTask: kvstart = 26214396(104857584); kvend = 26214384(104857536); length = 13/6553600
2015-08-07 04:00:20,202 INFO org.apache.hadoop.mapred.MapTask: Finished spill 0
2015-08-07 04:00:20,205 INFO org.apache.hadoop.mapred.Task: Task:attempt_local1702092170_0001_m_000000_0 is done. And is in the process of committing
2015-08-07 04:00:20,212 INFO org.apache.hadoop.mapred.LocalJobRunner: file:/home/cloudera/sample-data/helloworld:0+26
2015-08-07 04:00:20,212 INFO org.apache.hadoop.mapred.Task: Task 'attempt_local1702092170_0001_m_000000_0' done.
2015-08-07 04:00:20,212 INFO org.apache.hadoop.mapred.LocalJobRunner: Finishing task: attempt_local1702092170_0001_m_000000_0
2015-08-07 04:00:20,212 INFO org.apache.hadoop.mapred.LocalJobRunner: map task executor complete.
2015-08-07 04:00:20,219 INFO org.apache.hadoop.mapred.LocalJobRunner: Waiting for reduce tasks
2015-08-07 04:00:20,220 INFO org.apache.hadoop.mapred.LocalJobRunner: Starting task: attempt_local1702092170_0001_r_000000_0
2015-08-07 04:00:20,237 INFO org.apache.hadoop.mapreduce.lib.output.FileOutputCommitter: File Output Committer Algorithm version is 1
2015-08-07 04:00:20,237 INFO org.apache.hadoop.mapred.Task:  Using ResourceCalculatorProcessTree : [ ]
2015-08-07 04:00:20,244 INFO org.apache.hadoop.mapred.ReduceTask: Using ShuffleConsumerPlugin: org.apache.hadoop.mapreduce.task.reduce.Shuffle@4a7091c
2015-08-07 04:00:20,262 INFO org.apache.hadoop.mapreduce.task.reduce.MergeManagerImpl: MergerManager: memoryLimit=561971200, maxSingleShuffleLimit=140492800, mergeThreshold=370900992, ioSortFactor=10, memToMemMergeOutputsThreshold=10
2015-08-07 04:00:20,267 INFO org.apache.hadoop.mapreduce.task.reduce.EventFetcher: attempt_local1702092170_0001_r_000000_0 Thread started: EventFetcher for fetching Map Completion Events
2015-08-07 04:00:20,304 INFO org.apache.hadoop.mapreduce.task.reduce.LocalFetcher: localfetcher#1 about to shuffle output of map attempt_local1702092170_0001_m_000000_0 decomp: 72 len: 76 to MEMORY
2015-08-07 04:00:20,311 INFO org.apache.hadoop.mapreduce.task.reduce.InMemoryMapOutput: Read 72 bytes from map-output for attempt_local1702092170_0001_m_000000_0
2015-08-07 04:00:20,353 INFO org.apache.hadoop.mapreduce.task.reduce.MergeManagerImpl: closeInMemoryFile -> map-output of size: 72, inMemoryMapOutputs.size() -> 1, commitMemory -> 0, usedMemory ->72
2015-08-07 04:00:20,354 INFO org.apache.hadoop.mapreduce.task.reduce.EventFetcher: EventFetcher is interrupted.. Returning
2015-08-07 04:00:20,355 INFO org.apache.hadoop.mapred.LocalJobRunner: 1 / 1 copied.
2015-08-07 04:00:20,355 INFO org.apache.hadoop.mapreduce.task.reduce.MergeManagerImpl: finalMerge called with 1 in-memory map-outputs and 0 on-disk map-outputs
2015-08-07 04:00:20,380 INFO org.apache.hadoop.mapred.Merger: Merging 1 sorted segments
2015-08-07 04:00:20,380 INFO org.apache.hadoop.mapred.Merger: Down to the last merge-pass, with 1 segments left of total size: 59 bytes
2015-08-07 04:00:20,382 INFO org.apache.hadoop.mapreduce.task.reduce.MergeManagerImpl: Merged 1 segments, 72 bytes to disk to satisfy reduce memory limit
2015-08-07 04:00:20,382 INFO org.apache.hadoop.mapreduce.task.reduce.MergeManagerImpl: Merging 1 files, 76 bytes from disk
2015-08-07 04:00:20,383 INFO org.apache.hadoop.mapreduce.task.reduce.MergeManagerImpl: Merging 0 segments, 0 bytes from memory into reduce
2015-08-07 04:00:20,384 INFO org.apache.hadoop.mapred.Merger: Merging 1 sorted segments
2015-08-07 04:00:20,384 INFO org.apache.hadoop.mapred.Merger: Down to the last merge-pass, with 1 segments left of total size: 59 bytes
2015-08-07 04:00:20,384 INFO org.apache.hadoop.mapred.LocalJobRunner: 1 / 1 copied.
2015-08-07 04:00:20,707 INFO org.apache.hadoop.mapred.Task: Task:attempt_local1702092170_0001_r_000000_0 is done. And is in the process of committing
2015-08-07 04:00:20,709 INFO org.apache.hadoop.mapred.LocalJobRunner: reduce > reduce
2015-08-07 04:00:20,709 INFO org.apache.hadoop.mapred.Task: Task 'attempt_local1702092170_0001_r_000000_0' done.
2015-08-07 04:00:20,709 INFO org.apache.hadoop.mapred.LocalJobRunner: Finishing task: attempt_local1702092170_0001_r_000000_0
2015-08-07 04:00:20,709 INFO org.apache.hadoop.mapred.LocalJobRunner: reduce task executor complete.
2015-08-07 04:00:20,711 WARN org.apache.hadoop.mapreduce.lib.output.FileOutputCommitter: Output Path is null in commitJob()
2015-08-07 04:00:20,866 INFO org.apache.hadoop.mapreduce.Job: Job job_local1702092170_0001 running in uber mode : false
2015-08-07 04:00:20,867 INFO org.apache.hadoop.mapreduce.Job:  map 100% reduce 100%
2015-08-07 04:00:20,868 INFO org.apache.hadoop.mapreduce.Job: Job job_local1702092170_0001 completed successfully
2015-08-07 04:00:20,883 INFO org.apache.hadoop.mapreduce.Job: Counters: 33
	File System Counters
		FILE: Number of bytes read=532
		FILE: Number of bytes written=525672
		FILE: Number of read operations=0
		FILE: Number of large read operations=0
		FILE: Number of write operations=0
	Map-Reduce Framework
		Map input records=1
		Map output records=4
		Map output bytes=62
		Map output materialized bytes=76
		Input split bytes=94
		Combine input records=0
		Combine output records=0
		Reduce input groups=3
		Reduce shuffle bytes=76
		Reduce input records=4
		Reduce output records=3
		Spilled Records=8
		Shuffled Maps =1
		Failed Shuffles=0
		Merged Map outputs=1
		GC time elapsed (ms)=29
		CPU time spent (ms)=0
		Physical memory (bytes) snapshot=0
		Virtual memory (bytes) snapshot=0
		Total committed heap usage (bytes)=310255616
	Shuffle Errors
		BAD_ID=0
		CONNECTION=0
		IO_ERROR=0
		WRONG_LENGTH=0
		WRONG_MAP=0
		WRONG_REDUCE=0
	File Input Format Counters 
		Bytes Read=26
	File Output Format Counters 
		Bytes Written=0
